<?xml version="1.0" encoding="UTF-8"?>
<testng-results ignored="0" total="1" passed="1" failed="0" skipped="0">
  <reporter-output>
  </reporter-output>
  <suite started-at="2024-01-08T12:20:40 IST" name="Default suite" finished-at="2024-01-08T12:21:35 IST" duration-ms="55047">
    <groups>
    </groups>
    <test started-at="2024-01-08T12:20:40 IST" name="Default test" finished-at="2024-01-08T12:21:35 IST" duration-ms="55047">
      <class name="com.orange.business.Escript">
        <test-method is-config="true" signature="openapp()[pri:0, instance:com.orange.business.Escript@11392934]" started-at="2024-01-08T12:20:40 IST" name="openapp" finished-at="2024-01-08T12:21:10 IST" duration-ms="29779" status="PASS">
          <reporter-output>
          </reporter-output>
        </test-method> <!-- openapp -->
        <test-method is-config="true" signature="loginapp()[pri:0, instance:com.orange.business.Escript@11392934]" started-at="2024-01-08T12:21:10 IST" name="loginapp" finished-at="2024-01-08T12:21:17 IST" duration-ms="7135" status="PASS">
          <reporter-output>
          </reporter-output>
        </test-method> <!-- loginapp -->
        <test-method signature="script()[pri:0, instance:com.orange.business.Escript@11392934]" started-at="2024-01-08T12:21:17 IST" name="script" finished-at="2024-01-08T12:21:33 IST" duration-ms="15795" status="PASS">
          <reporter-output>
          </reporter-output>
        </test-method> <!-- script -->
        <test-method is-config="true" signature="logged()[pri:0, instance:com.orange.business.Escript@11392934]" started-at="2024-01-08T12:21:33 IST" name="logged" finished-at="2024-01-08T12:21:33 IST" duration-ms="1" status="PASS">
          <reporter-output>
          </reporter-output>
        </test-method> <!-- logged -->
        <test-method is-config="true" signature="clos()[pri:0, instance:com.orange.business.Escript@11392934]" started-at="2024-01-08T12:21:33 IST" name="clos" finished-at="2024-01-08T12:21:35 IST" duration-ms="2225" status="PASS">
          <reporter-output>
          </reporter-output>
        </test-method> <!-- clos -->
      </class> <!-- com.orange.business.Escript -->
    </test> <!-- Default test -->
  </suite> <!-- Default suite -->
</testng-results>
